<testsuites id="" name="" tests="2" failures="1" skipped="0" errors="0" time="161.06922600000001">
<testsuite name="checkout\guest-checkout-success.spec.ts" timestamp="2026-01-05T12:18:12.178Z" hostname="local" tests="2" failures="1" skipped="0" time="160.331" errors="0">
<testcase name="Guest Checkout - Card Payment Success › complete guest checkout with card payment @critical @regression" classname="checkout\guest-checkout-success.spec.ts" time="39.969">
</testcase>
<testcase name="Guest Checkout - Card Payment Success › checkout shows correct total with shipping @regression" classname="checkout\guest-checkout-success.spec.ts" time="120.362">
<failure message="guest-checkout-success.spec.ts:90:7 checkout shows correct total with shipping @regression" type="FAILURE">
<![CDATA[  [local] › checkout\guest-checkout-success.spec.ts:90:7 › Guest Checkout - Card Payment Success › checkout shows correct total with shipping @regression 

    Test timeout of 120000ms exceeded.

    Error: expect.toBeVisible: Target page, context or browser has been closed

       at fixtures\page-helpers.ts:109

      107 |   
      108 |   const addBtn = page.getByRole('button', { name: 'Ajouter au panier' }).first();
    > 109 |   await expect(addBtn).toBeVisible({ timeout: 15000 });
          |                        ^
      110 |   await addBtn.click();
      111 |   await ensureCartHasItem(page);
      112 | }
        at addProductToCart (C:\Users\hugod\Documents\dev\apps\chanvre-vert\cv_frontend\tests\e2e\fixtures\page-helpers.ts:109:24)
        at C:\Users\hugod\Documents\dev\apps\chanvre-vert\cv_frontend\tests\e2e\checkout\guest-checkout-success.spec.ts:92:5

    attachment #1: screenshot (image/png) ──────────────────────────────────────────────────────────
    ..\..\test-results\checkout-guest-checkout-su-b94ba-al-with-shipping-regression-local\test-failed-1.png
    ────────────────────────────────────────────────────────────────────────────────────────────────

    attachment #2: video (video/webm) ──────────────────────────────────────────────────────────────
    ..\..\test-results\checkout-guest-checkout-su-b94ba-al-with-shipping-regression-local\video.webm
    ────────────────────────────────────────────────────────────────────────────────────────────────

    Error Context: ..\..\test-results\checkout-guest-checkout-su-b94ba-al-with-shipping-regression-local\error-context.md
]]>
</failure>
<system-out>
<![CDATA[
[[ATTACHMENT|checkout-guest-checkout-su-b94ba-al-with-shipping-regression-local\test-failed-1.png]]

[[ATTACHMENT|checkout-guest-checkout-su-b94ba-al-with-shipping-regression-local\video.webm]]

[[ATTACHMENT|checkout-guest-checkout-su-b94ba-al-with-shipping-regression-local\error-context.md]]
]]>
</system-out>
</testcase>
</testsuite>
</testsuites>